Number of PCR duplicates: 369281
	Command being timed: "python deduper.py -f /projects/bgmp/apulvino/Bi624/Deduper/Dataset1.sorted.sam"
	User time (seconds): 7.51
	System time (seconds): 0.71
	Percent of CPU this job got: 97%
	Elapsed (wall clock) time (h:mm:ss or m:ss): 0:08.42
	Average shared text size (kbytes): 0
	Average unshared data size (kbytes): 0
	Average stack size (kbytes): 0
	Average total size (kbytes): 0
	Maximum resident set size (kbytes): 941384
	Average resident set size (kbytes): 0
	Major (requiring I/O) page faults: 0
	Minor (reclaiming a frame) page faults: 525757
	Voluntary context switches: 378
	Involuntary context switches: 12
	Swaps: 0
	File system inputs: 0
	File system outputs: 0
	Socket messages sent: 0
	Socket messages received: 0
	Signals delivered: 0
	Page size (bytes): 4096
	Exit status: 0
Number of PCR duplicates: 628892
	Command being timed: "python deduper.py -f /projects/bgmp/apulvino/Bi624/Deduper/Dataset2.sorted.sam"
	User time (seconds): 9.99
	System time (seconds): 0.82
	Percent of CPU this job got: 99%
	Elapsed (wall clock) time (h:mm:ss or m:ss): 0:10.90
	Average shared text size (kbytes): 0
	Average unshared data size (kbytes): 0
	Average stack size (kbytes): 0
	Average total size (kbytes): 0
	Maximum resident set size (kbytes): 1113264
	Average resident set size (kbytes): 0
	Major (requiring I/O) page faults: 0
	Minor (reclaiming a frame) page faults: 611478
	Voluntary context switches: 332
	Involuntary context switches: 17
	Swaps: 0
	File system inputs: 0
	File system outputs: 0
	Socket messages sent: 0
	Socket messages received: 0
	Signals delivered: 0
	Page size (bytes): 4096
	Exit status: 0
Number of PCR duplicates: 1622725
	Command being timed: "python deduper.py -f /projects/bgmp/apulvino/Bi624/Deduper/Dataset3.sorted.sam"
	User time (seconds): 44.03
	System time (seconds): 3.97
	Percent of CPU this job got: 99%
	Elapsed (wall clock) time (h:mm:ss or m:ss): 0:48.30
	Average shared text size (kbytes): 0
	Average unshared data size (kbytes): 0
	Average stack size (kbytes): 0
	Average total size (kbytes): 0
	Maximum resident set size (kbytes): 5992936
	Average resident set size (kbytes): 0
	Major (requiring I/O) page faults: 0
	Minor (reclaiming a frame) page faults: 2853682
	Voluntary context switches: 972
	Involuntary context switches: 77
	Swaps: 0
	File system inputs: 0
	File system outputs: 0
	Socket messages sent: 0
	Socket messages received: 0
	Signals delivered: 0
	Page size (bytes): 4096
	Exit status: 0
